{"/Users/wenboli/Learnings/webpack_react_hot_reload/src/components/app.js": {"path":"/Users/wenboli/Learnings/webpack_react_hot_reload/src/components/app.js","statementMap":{"0":{"start":{"line":3,"column":14},"end":{"line":3,"column":45}},"1":{"start":{"line":5,"column":2},"end":{"line":14,"column":4}}},"fnMap":{"0":{"name":"(anonymous_0)","decl":{"start":{"line":4,"column":15},"end":{"line":4,"column":16}},"loc":{"start":{"line":4,"column":21},"end":{"line":15,"column":1}},"line":4}},"branchMap":{},"s":{"0":1,"1":3},"f":{"0":3},"b":{},"_coverageSchema":"43e27e138ebf9cfc5966b082cf9a028302ed4184","hash":"c5a85f6937aec4cea06582b2d6ee9d198e9e5567"}
,"/Users/wenboli/Learnings/webpack_react_hot_reload/src/components/link.js": {"path":"/Users/wenboli/Learnings/webpack_react_hot_reload/src/components/link.js","statementMap":{"0":{"start":{"line":3,"column":13},"end":{"line":5,"column":1}},"1":{"start":{"line":4,"column":2},"end":{"line":4,"column":38}},"2":{"start":{"line":7,"column":0},"end":{"line":10,"column":2}}},"fnMap":{"0":{"name":"(anonymous_0)","decl":{"start":{"line":3,"column":13},"end":{"line":3,"column":14}},"loc":{"start":{"line":3,"column":36},"end":{"line":5,"column":1}},"line":3}},"branchMap":{},"s":{"0":1,"1":2,"2":1},"f":{"0":2},"b":{},"_coverageSchema":"43e27e138ebf9cfc5966b082cf9a028302ed4184","hash":"47d2b00883966d8dcb9d0641b093ef7a3eb91853"}
}
